Submitted job : 5849491
Monitoring job
Job pending!
Job not visible
Submitted job : 5849493
Monitoring job
Job pending!
Job started!
Job running...
Accumulated run time : 300.1584007740021
Submitted job : 5849495
Monitoring job
Job pending!
Job started!
Job running...
Accumulated run time : 600.3239257335663
Submitted job : 5849498
Monitoring job
Job pending!
Job started!
Job running...
Accumulated run time : 900.5890870094299
Submitted job : 5849500
Monitoring job
Job pending!
Job started!
Job running...
Accumulated run time : 1200.7867097854614
Submitted job : 5849503
Monitoring job
Job pending!
Job started!
Accumulated run time : 1350.9164111614227
Submitted job : 5849505
Monitoring job
Job started!
Job running...
Job running...
Job running...
Job running...
Job running...
Job running...
Job running...
Job running...
Job running...
Job running...
Job running...
Job running...
Job running...
Job running...
Job running...
Job running...
Job running...
Job running...
Job running...
Job running...
Job running...
Job running...
Job running...
Job running...
Job running...
Job running...
Job running...
Job running...
Job running...
Job running...
Job running...
Job running...
Job running...
Job running...
Job running...
Job running...
Job running...
Job running...
Job running...
Job running...
Job running...
Job running...
Accumulated run time : 7805.412271261215
Submitted job : 5849783
Monitoring job
Job pending!
Job started!
Job running...
Job running...
Job running...
Job running...
Job running...
Job running...
Job running...
Job running...
Job running...
Accumulated run time : 9306.25024676323
Submitted job : 5849807
Monitoring job
Job pending!
Job started!
Job running...
Job running...
Job running...
Job running...
Job running...
Job running...
Job running...
Job running...
Job running...
Accumulated run time : 10807.157827615738
Submitted job : 5849813
Monitoring job
Job pending!
Job started!
Job running...
Job running...
Job running...
Job running...
Job running...
Job running...
Job running...
Job running...
Job running...
Accumulated run time : 12308.188784599304
Submitted job : 5849832
Monitoring job
Job pending!
Job started!
Job running...
Job running...
Job running...
Job running...
Job running...
Job running...
Job running...
Job running...
Job running...
Accumulated run time : 13809.160641431808
Submitted job : 5850104
Monitoring job
Job pending!
Job started!
Job running...
Job running...
Job running...
Job running...
Job running...
Job running...
Job running...
Job running...
Job running...
Job running...
Accumulated run time : 15462.142587661743
Submitted job : 5850148
Monitoring job
Job pending!
Job started!
Job running...
Job running...
Job running...
Job running...
Job running...
Job running...
Job running...
Job running...
Job running...
Accumulated run time : 16963.56141614914
Submitted job : 5850178
Monitoring job
Job pending!
Job started!
Job running...
Job running...
Job running...
Job running...
Job running...
Job running...
Job running...
Job running...
Job running...
Accumulated run time : 18464.743205070496
Submitted job : 5850184
Monitoring job
Job pending!
Job started!
Job running...
Job running...
Job running...
Job running...
Job running...
Job running...
Job running...
Job running...
Job running...
Accumulated run time : 19967.70575428009
Submitted job : 5850272
Monitoring job
Job pending!
Job started!
Job running...
Job running...
Job running...
Job running...
Job running...
Job running...
Job running...
Job running...
Job running...
Job running...
Job running...
Job running...
Job running...
Job running...
Job running...
Job running...
Job running...
Job running...
Job running...
Job running...
Job running...
Job running...
Job running...
Job running...
Job running...
Job running...
Job running...
Job running...
Job running...
Job running...
Job running...
Job running...
Job running...
Job running...
Job running...
Job running...
Job running...
Job running...
Job running...
Job running...
Job running...
Job running...
Job running...
Job running...
Job running...
Job running...
Job running...
Job running...
Job running...
Job running...
Job running...
Job running...
Job running...
Job running...
Job running...
Job running...
Job running...
Job running...
Job running...
Job running...
Job running...
Job running...
Job running...
Job running...
Job running...
Job running...
Job running...
Job running...
Job running...
Job running...
Job running...
Job running...
Job running...
Job running...
Job running...
Accumulated run time : 31387.085256576538
Submitted job : 5850517
Monitoring job
Job pending!
Job started!
Job running...
Job running...
Job running...
Job running...
Job running...
Job running...
Job running...
Job running...
Job running...
Accumulated run time : 32889.41569852829
Submitted job : 5850564
Monitoring job
Job pending!
Job started!
Job running...
Job running...
Job running...
Job running...
Job running...
Job running...
Job running...
Job running...
Job running...
Accumulated run time : 34390.65705704689
Submitted job : 5850584
Monitoring job
Job pending!
Job started!
Job running...
Job running...
Job running...
Job running...
Job running...
Job running...
Job running...
Job running...
Job running...
Accumulated run time : 35891.7722864151
Submitted job : 5850604
Monitoring job
Job pending!
Job started!
Job running...
Job running...
Job running...
Job running...
Job running...
Job running...
Job running...
Job running...
Job running...
Job running...
Accumulated run time : 37542.76213312149
Submitted job : 5850633
Monitoring job
Job pending!
Job started!
Job running...
Job running...
Job running...
Job running...
Job running...
Job running...
Job running...
Job running...
Job running...
Accumulated run time : 39043.71512031555
Submitted job : 5850669
Monitoring job
Job pending!
Job started!
Job running...
Job running...
Job running...
Job running...
Job running...
Job running...
Job running...
Job running...
Job running...
Accumulated run time : 40546.123420000076
Submitted job : 5850706
Monitoring job
Job pending!
Job started!
Job running...
Job running...
Job running...
Job running...
Job running...
Job running...
Job running...
Job running...
Job running...
Accumulated run time : 42048.58830022812
Submitted job : 5850792
Monitoring job
Job pending!
Job started!
Job running...
Job running...
Job running...
Job running...
Job running...
Job running...
Job running...
Job running...
Job running...
Accumulated run time : 43551.36507701874
Submitted job : 5850839
Monitoring job
Job pending!
Job started!
Job running...
Job running...
Job running...
Job running...
Job running...
Job running...
Job running...
Job running...
Job running...
Accumulated run time : 45052.33714222908
Submitted job : 5850856
Monitoring job
Job pending!
Job started!
Job running...
Job running...
Job running...
Job running...
Job running...
Job running...
Job running...
Job running...
Job running...
Accumulated run time : 46553.29823303223
Submitted job : 5850864
Monitoring job
Job started!
Job running...
Job running...
Job running...
Job running...
Job running...
Job running...
Job running...
Job running...
Job running...
Accumulated run time : 48054.76299190521
Submitted job : 5850875
Monitoring job
Job pending!
Job started!
Job running...
Job running...
Job running...
Job running...
Job running...
Job running...
Job running...
Job running...
Job running...
Accumulated run time : 49555.88039064407
Submitted job : 5850893
Monitoring job
Job pending!
Job started!
Job running...
Job running...
Job running...
Job running...
Job running...
Job running...
Job running...
Job running...
Job running...
Accumulated run time : 51056.87205719948
Submitted job : 5850899
Monitoring job
Job pending!
Job started!
Job running...
Job running...
Job running...
Job running...
Job running...
Job running...
Job running...
Job running...
Job running...
Accumulated run time : 52557.69015455246
Submitted job : 5850907
Monitoring job
Job pending!
Job started!
Job running...
Job running...
Job running...
Job running...
Job running...
Job running...
Job running...
Job running...
Job running...
Accumulated run time : 54058.59553527832
Submitted job : 5850911
Monitoring job
Job pending!
Job started!
Job running...
Job running...
Job running...
Job running...
Job running...
Job running...
Job running...
Job running...
Job running...
Accumulated run time : 55559.611859321594
Submitted job : 5850914
Monitoring job
Job pending!
Job started!
Job running...
Job running...
Job running...
Job running...
Job running...
Job running...
Job running...
Job running...
Job running...
Accumulated run time : 57060.52576637268
Submitted job : 5850917
Monitoring job
Job pending!
Job started!
Job running...
Job running...
Job running...
Job running...
Job running...
Job running...
Job running...
Job running...
Job running...
Accumulated run time : 58561.43534016609
Submitted job : 5850961
Monitoring job
Job pending!
Job started!
Job running...
Job running...
Job running...
Job running...
Job running...
Job running...
Job running...
Job running...
Job running...
Accumulated run time : 60062.435672044754
Submitted job : 5850966
Monitoring job
Job pending!
Job started!
Job running...
Job running...
Job running...
Job running...
Job running...
Job running...
Job running...
Job running...
Job running...
Accumulated run time : 61563.48216032982
Submitted job : 5851361
Monitoring job
Job pending!
Job started!
Job running...
Job running...
Job running...
Job running...
Job running...
Job running...
Job running...
Job running...
Job running...
Accumulated run time : 63065.0756790638
Submitted job : 5851470
Monitoring job
Job pending!
Job started!
Job running...
Job running...
Job running...
Job running...
Job running...
Job running...
Job running...
Job running...
Job running...
Accumulated run time : 64566.23987984657
Submitted job : 5851536
Monitoring job
Job pending!
Job started!
Job running...
Job running...
Job running...
Job running...
Job running...
Job running...
Job running...
Job running...
Job running...
Accumulated run time : 66067.8186018467
Submitted job : 5851547
Monitoring job
Job pending!
Job started!
Job running...
Job running...
Job running...
Job running...
Job running...
Job running...
Job running...
Job running...
Job running...
Accumulated run time : 67568.99167633057
Submitted job : 5851554
Monitoring job
Job pending!
Job started!
Job running...
Job running...
Job running...
Job running...
Job running...
Job running...
Job running...
Job running...
Job running...
Accumulated run time : 69070.25592780113
Submitted job : 5851568
Monitoring job
Job pending!
Job started!
Job running...
Job running...
Job running...
Job running...
Job running...
Job running...
Job running...
Job running...
Job running...
Accumulated run time : 70571.69806623459
Submitted job : 5851806
Monitoring job
Job pending!
Job started!
Job running...
Job running...
Job running...
Job running...
Job running...
Job running...
Job running...
Job running...
Job running...
Accumulated run time : 72072.75995397568
Submitted job : 5851827
Monitoring job
Job pending!
Job started!
Job running...
Job running...
Job running...
Job running...
Job running...
Job running...
Job running...
Job running...
Job running...
Accumulated run time : 73573.70024108887
Submitted job : 5851842
Monitoring job
Job pending!
Job started!
Job running...
Job running...
Job running...
Job running...
Job running...
Job running...
Job running...
Job running...
Job running...
Accumulated run time : 75074.60584115982
Submitted job : 5851859
Monitoring job
Job pending!
Job started!
Job running...
Job running...
Job running...
Job running...
Job running...
Job running...
Job running...
Job running...
Job running...
Accumulated run time : 76575.44014930725
Submitted job : 5851914
Monitoring job
Job pending!
Job started!
Job running...
Job running...
Job running...
Job running...
Job running...
Job running...
Job running...
Job running...
Job running...
Accumulated run time : 78076.53952598572
Submitted job : 5851968
Monitoring job
Job pending!
Job started!
Job running...
Job running...
Job running...
Job running...
Job running...
Job running...
Job running...
Job running...
Job running...
Accumulated run time : 79583.78732991219
Submitted job : 5851995
Monitoring job
Job pending!
Job started!
Job running...
Job running...
Job running...
Job running...
Job running...
Job running...
Job running...
Job running...
Job running...
Accumulated run time : 81084.79059886932
Submitted job : 5852018
Monitoring job
Job pending!
Job started!
Job running...
Job running...
Job running...
Job running...
Job running...
Job running...
Job running...
Job running...
Job running...
Accumulated run time : 82585.88019752502
Submitted job : 5852060
Monitoring job
Job pending!
Job started!
Job running...
Job running...
Job running...
Job running...
Job running...
Job running...
Job running...
Job running...
Job running...
Accumulated run time : 84086.78026533127
Submitted job : 5852094
Monitoring job
Job pending!
Job started!
Job running...
Job running...
Job running...
Job running...
Job running...
Job running...
Job running...
Job running...
Job running...
Accumulated run time : 85587.70569205284
Submitted job : 5852117
Monitoring job
Job pending!
Job started!
Job running...
Job running...
Job running...
Job running...
Job running...
Job running...
Job running...
Job running...
Job running...
Accumulated run time : 87088.7382183075
Submitted job : 5852141
Monitoring job
Job pending!
Job started!
Job running...
Job running...
Job running...
Job running...
Job running...
Job running...
Job running...
Job running...
Job running...
Accumulated run time : 88589.76272797585
Submitted job : 5852168
Monitoring job
Job pending!
Job started!
Job running...
Job running...
Job running...
Job running...
Job running...
Job running...
Job running...
Job running...
Job running...
Accumulated run time : 90090.88345694542
Submitted job : 5852190
Monitoring job
Job pending!
Job started!
Job running...
Job running...
Job running...
Job running...
Job running...
Job running...
Job running...
Job running...
Job running...
Job running...
Job running...
Job running...
Job running...
Job running...
Job running...
Job running...
Job running...
Job running...
Job running...
Job running...
Job running...
Job running...
Job running...
Job running...
Job running...
Job running...
Job running...
Job running...
Job running...
Job running...
Job running...
Job running...
Job running...
Job running...
Job running...
Job running...
Job running...
Job running...
Job running...
Job running...
Job running...
Job running...
Job running...
Job running...
Job running...
Job running...
Job running...
Job running...
Job running...
Job running...
Job running...
Job running...
Job running...
Job running...
Job running...
Job running...
Job running...
Job running...
Job running...
Job running...
Job running...
Job running...
Job running...
